app/build/outputs/logs/manifest-merger-release-report.txt
-- Merging decision tree log ---
manifest
ADDED from src/main/AndroidManifest.xml:2:1-77:12
	package
		ADDED from src/main/AndroidManifest.xml:3:5-36
		INJECTED from src/main/AndroidManifest.xml
		INJECTED from src/main/AndroidManifest.xml
	android:versionName
		INJECTED from src/main/AndroidManifest.xml
		INJECTED from src/main/AndroidManifest.xml
	xmlns:android
		ADDED from src/main/AndroidManifest.xml:2:11-69
	android:versionCode
		INJECTED from src/main/AndroidManifest.xml
		INJECTED from src/main/AndroidManifest.xml
uses-permission#android.permission.INTERNET
ADDED from src/main/AndroidManifest.xml:5:5-67
	android:name
		ADDED from src/main/AndroidManifest.xml:5:22-64
uses-permission#android.permission.ACCESS_NETWORK_STATE
ADDED from src/main/AndroidManifest.xml:6:5-79
	android:name
		ADDED from src/main/AndroidManifest.xml:6:22-76
uses-permission#android.permission.WRITE_EXTERNAL_STORAGE
ADDED from src/main/AndroidManifest.xml:7:5-81
	android:name
		ADDED from src/main/AndroidManifest.xml:7:22-78
uses-permission#android.permission.ACCESS_FINE_LOCATION
ADDED from src/main/AndroidManifest.xml:8:5-79
	android:name
		ADDED from src/main/AndroidManifest.xml:8:22-76
uses-permission#com.android.launcher.permission.INSTALL_SHORTCUT
ADDED from src/main/AndroidManifest.xml:9:5-88
	android:name
		ADDED from src/main/AndroidManifest.xml:9:22-85
uses-permission#com.android.vending.BILLING
ADDED from src/main/AndroidManifest.xml:10:5-67
	android:name
		ADDED from src/main/AndroidManifest.xml:10:22-64
application
ADDED from src/main/AndroidManifest.xml:12:5-75:19
MERGED from [com.android.support:cardview-v7:25.0.0] AndroidManifest.xml:22:5-20
MERGED from [com.android.support:design:25.0.0] AndroidManifest.xml:25:5-20
MERGED from [com.android.support:support-v4:25.0.0] AndroidManifest.xml:25:5-20
MERGED from [com.android.support:support-compat:25.0.0] AndroidManifest.xml:25:5-20
MERGED from [com.android.support:support-media-compat:25.0.0] AndroidManifest.xml:25:5-20
MERGED from [com.android.support:support-core-utils:25.0.0] AndroidManifest.xml:25:5-20
MERGED from [com.android.support:support-core-ui:25.0.0] AndroidManifest.xml:25:5-20
MERGED from [com.android.support:support-fragment:25.0.0] AndroidManifest.xml:25:5-20
MERGED from [com.android.support:appcompat-v7:25.0.0] AndroidManifest.xml:25:5-20
MERGED from [com.android.support:support-vector-drawable:25.0.0] AndroidManifest.xml:23:5-20
MERGED from [com.android.support:animated-vector-drawable:25.0.0] AndroidManifest.xml:22:5-20
MERGED from [com.android.support:transition:25.0.0] AndroidManifest.xml:22:5-20
MERGED from [com.android.support:palette-v7:25.0.0] AndroidManifest.xml:22:5-23:19
MERGED from [uk.co.chrisjenx:calligraphy:2.2.0] AndroidManifest.xml:11:5-20
MERGED from [com.afollestad.material-dialogs:commons:0.8.6.1] AndroidManifest.xml:12:5-20
MERGED from [com.afollestad.material-dialogs:core:0.8.6.1] AndroidManifest.xml:13:5-20
	android:label
		ADDED from src/main/AndroidManifest.xml:15:9-41
	android:supportsRtl
		ADDED from src/main/AndroidManifest.xml:16:9-35
	android:allowBackup
		ADDED from src/main/AndroidManifest.xml:13:9-35
	android:icon
		ADDED from src/main/AndroidManifest.xml:14:9-43
	android:theme
		ADDED from src/main/AndroidManifest.xml:17:9-54
activity#com.synthform.colombo.activities.MainActivity
ADDED from src/main/AndroidManifest.xml:18:9-45:20
	android:windowSoftInputMode
		ADDED from src/main/AndroidManifest.xml:21:13-55
	android:resizeableActivity
		ADDED from src/main/AndroidManifest.xml:22:13-46
	android:configChanges
		ADDED from src/main/AndroidManifest.xml:20:13-91
	android:name
		ADDED from src/main/AndroidManifest.xml:19:13-52
intent-filter#android.intent.action.MAIN+android.intent.category.LAUNCHER
ADDED from src/main/AndroidManifest.xml:23:13-26:29
category#android.intent.category.LAUNCHER
ADDED from src/main/AndroidManifest.xml:24:17-77
	android:name
		ADDED from src/main/AndroidManifest.xml:24:27-74
action#android.intent.action.MAIN
ADDED from src/main/AndroidManifest.xml:25:17-69
	android:name
		ADDED from src/main/AndroidManifest.xml:25:25-66
intent-filter#android.intent.action.SEARCH+android.intent.category.DEFAULT
ADDED from src/main/AndroidManifest.xml:27:13-30:29
action#android.intent.action.SEARCH
ADDED from src/main/AndroidManifest.xml:28:17-71
	android:name
		ADDED from src/main/AndroidManifest.xml:28:25-68
category#android.intent.category.DEFAULT
ADDED from src/main/AndroidManifest.xml:29:17-76
	android:name
		ADDED from src/main/AndroidManifest.xml:29:27-73
intent-filter#android.intent.action.VIEW+android.intent.category.BROWSABLE+android.intent.category.DEFAULT
ADDED from src/main/AndroidManifest.xml:31:13-37:29
action#android.intent.action.VIEW
ADDED from src/main/AndroidManifest.xml:32:17-69
	android:name
		ADDED from src/main/AndroidManifest.xml:32:25-66
category#android.intent.category.BROWSABLE
ADDED from src/main/AndroidManifest.xml:33:17-78
	android:name
		ADDED from src/main/AndroidManifest.xml:33:27-75
data
ADDED from src/main/AndroidManifest.xml:35:17-47
	android:scheme
		ADDED from src/main/AndroidManifest.xml:35:23-44
meta-data#android.app.searchable
ADDED from src/main/AndroidManifest.xml:38:13-40:54
	android:resource
		ADDED from src/main/AndroidManifest.xml:40:17-51
	android:name
		ADDED from src/main/AndroidManifest.xml:39:17-54
meta-data#android.app.shortcuts
ADDED from src/main/AndroidManifest.xml:42:13-44:53
	android:resource
		ADDED from src/main/AndroidManifest.xml:44:17-50
	android:name
		ADDED from src/main/AndroidManifest.xml:43:17-53
activity#com.synthform.colombo.activities.SettingsActivity
ADDED from src/main/AndroidManifest.xml:46:9-55:20
	android:label
		ADDED from src/main/AndroidManifest.xml:49:13-45
	android:parentActivityName
		ADDED from src/main/AndroidManifest.xml:50:13-66
	android:resizeableActivity
		ADDED from src/main/AndroidManifest.xml:51:13-46
	android:configChanges
		ADDED from src/main/AndroidManifest.xml:48:13-91
	android:name
		ADDED from src/main/AndroidManifest.xml:47:13-56
meta-data#android.support.PARENT_ACTIVITY
ADDED from src/main/AndroidManifest.xml:52:13-54:60
	android:value
		ADDED from src/main/AndroidManifest.xml:54:17-57
	android:name
		ADDED from src/main/AndroidManifest.xml:53:17-63
activity#com.synthform.colombo.activities.MainIntroActivity
ADDED from src/main/AndroidManifest.xml:56:9-59:48
	android:resizeableActivity
		ADDED from src/main/AndroidManifest.xml:59:13-46
	android:theme
		ADDED from src/main/AndroidManifest.xml:58:13-47
	android:name
		ADDED from src/main/AndroidManifest.xml:57:13-57
activity#com.synthform.colombo.activities.AboutActivity
ADDED from src/main/AndroidManifest.xml:60:9-69:20
	android:label
		ADDED from src/main/AndroidManifest.xml:63:13-57
	android:parentActivityName
		ADDED from src/main/AndroidManifest.xml:64:13-70
	android:resizeableActivity
		ADDED from src/main/AndroidManifest.xml:65:13-46
	android:configChanges
		ADDED from src/main/AndroidManifest.xml:62:13-91
	android:name
		ADDED from src/main/AndroidManifest.xml:61:13-53
activity#com.synthform.colombo.activities.HistoryActivity
ADDED from src/main/AndroidManifest.xml:70:9-74:48
	android:label
		ADDED from src/main/AndroidManifest.xml:73:13-59
	android:resizeableActivity
		ADDED from src/main/AndroidManifest.xml:74:13-46
	android:configChanges
		ADDED from src/main/AndroidManifest.xml:72:13-91
	android:name
		ADDED from src/main/AndroidManifest.xml:71:13-55
uses-sdk
INJECTED from src/main/AndroidManifest.xml reason: use-sdk injection requested
MERGED from [com.android.support:cardview-v7:25.0.0] AndroidManifest.xml:20:5-43
MERGED from [com.android.support:design:25.0.0] AndroidManifest.xml:21:5-23:62
MERGED from [com.android.support:support-v4:25.0.0] AndroidManifest.xml:21:5-23:54
MERGED from [com.android.support:support-compat:25.0.0] AndroidManifest.xml:21:5-23:58
MERGED from [com.android.support:support-media-compat:25.0.0] AndroidManifest.xml:21:5-23:63
MERGED from [com.android.support:support-core-utils:25.0.0] AndroidManifest.xml:21:5-23:61
MERGED from [com.android.support:support-core-ui:25.0.0] AndroidManifest.xml:21:5-23:58
MERGED from [com.android.support:support-fragment:25.0.0] AndroidManifest.xml:21:5-23:60
MERGED from [com.android.support:appcompat-v7:25.0.0] AndroidManifest.xml:21:5-23:78
MERGED from [com.android.support:support-vector-drawable:25.0.0] AndroidManifest.xml:21:5-43
MERGED from [com.android.support:animated-vector-drawable:25.0.0] AndroidManifest.xml:20:5-44
MERGED from [com.android.support:recyclerview-v7:25.0.0] AndroidManifest.xml:20:5-43
MERGED from [com.android.support:transition:25.0.0] AndroidManifest.xml:20:5-44
MERGED from [com.android.support:palette-v7:25.0.0] AndroidManifest.xml:20:5-43
MERGED from [com.heinrichreimersoftware:material-intro:1.5.4] AndroidManifest.xml:8:5-10:41
MERGED from [uk.co.chrisjenx:calligraphy:2.2.0] AndroidManifest.xml:7:5-9:41
MERGED from [com.afollestad.material-dialogs:commons:0.8.6.1] AndroidManifest.xml:8:5-10:41
MERGED from [com.afollestad.material-dialogs:core:0.8.6.1] AndroidManifest.xml:8:5-11:75
MERGED from [me.zhanghai.android.materialprogressbar:library:1.1.6] AndroidManifest.xml:12:5-14:41
MERGED from [com.flipboard:bottomsheet-commons:1.5.1] AndroidManifest.xml:5:5-7:41
MERGED from [com.flipboard:bottomsheet-core:1.5.1] AndroidManifest.xml:5:5-7:41
MERGED from [jp.wasabeef:recyclerview-animators:2.2.3] AndroidManifest.xml:8:5-10:41
	tools:overrideLibrary
		ADDED from [com.android.support:design:25.0.0] AndroidManifest.xml:23:9-59
	android:targetSdkVersion
		INJECTED from src/main/AndroidManifest.xml
		INJECTED from src/main/AndroidManifest.xml
	android:minSdkVersion
		INJECTED from src/main/AndroidManifest.xml
		INJECTED from src/main/AndroidManifest.xml